{"level":"info","message":"[10:42:29]테스트메세지"}
{"level":"error","message":"[10:42:29]테스트 메세지 - error"}
{"level":"info","message":"[20210602][15:14:35]데이터 베이스 연결성공"}
{"level":"info","message":"[20210602][15:14:52]데이터 베이스 연결성공"}
{"level":"info","message":"[20210602][15:15:03]데이터 베이스 연결성공"}
{"level":"info","message":"[20210602][15:15:39]데이터 베이스 연결성공"}
{"level":"info","message":"[20210602][15:16:04]데이터 베이스 연결성공"}
{"level":"info","message":"[20210602][15:21:40]데이터 베이스 연결성공"}
{"level":"info","message":"[20210602][15:22:35]데이터 베이스 연결성공"}
{"level":"info","message":"[20210602][15:23:47]데이터 베이스 연결성공"}
{"level":"info","message":"[20210602][15:24:35]데이터 베이스 연결성공"}
{"level":"info","message":"[20210602][15:26:09]데이터 베이스 연결성공"}
{"level":"info","message":"[20210602][15:26:21]데이터 베이스 연결성공"}
{"level":"info","message":"[20210602][15:27:39]데이터 베이스 연결성공"}
{"level":"info","message":"[20210602][15:27:55]데이터 베이스 연결성공"}
{"level":"info","message":"[20210602][15:28:39]데이터 베이스 연결성공"}
{"level":"info","message":"[20210602][15:29:00]데이터 베이스 연결성공"}
{"level":"info","message":"[20210602][15:29:08]데이터 베이스 연결성공"}
{"level":"info","message":"[20210602][15:31:58]데이터 베이스 연결성공"}
{"level":"info","message":"[20210602][15:33:10]데이터 베이스 연결성공"}
{"level":"info","message":"[20210602][15:33:19]데이터 베이스 연결성공"}
{"level":"info","message":"[20210602][15:33:57]데이터 베이스 연결성공"}
{"level":"error","message":"[20210602][15:34:01]404 GET /schedule?stamp=1622559600는 없는 페이지 입니다."}
{"level":"error","message":"[20210602][15:34:01]Error: GET /schedule?stamp=1622559600는 없는 페이지 입니다.\n    at C:\\node_schedule\\app.js:49:17\n    at Layer.handle [as handle_request] (C:\\node_schedule\\node_modules\\express\\lib\\router\\layer.js:95:5)\n    at trim_prefix (C:\\node_schedule\\node_modules\\express\\lib\\router\\index.js:317:13)\n    at C:\\node_schedule\\node_modules\\express\\lib\\router\\index.js:284:7\n    at Function.process_params (C:\\node_schedule\\node_modules\\express\\lib\\router\\index.js:335:12)\n    at next (C:\\node_schedule\\node_modules\\express\\lib\\router\\index.js:275:10)\n    at C:\\node_schedule\\node_modules\\express\\lib\\router\\index.js:635:15\n    at next (C:\\node_schedule\\node_modules\\express\\lib\\router\\index.js:260:14)\n    at Function.handle (C:\\node_schedule\\node_modules\\express\\lib\\router\\index.js:174:3)\n    at router (C:\\node_schedule\\node_modules\\express\\lib\\router\\index.js:47:12)"}
{"level":"info","message":"[20210602][15:34:57]데이터 베이스 연결성공"}
{"level":"info","message":"[20210602][15:35:14]데이터 베이스 연결성공"}
{"level":"info","message":"[20210602][15:35:22]데이터 베이스 연결성공"}
{"level":"info","message":"[20210602][15:36:13]데이터 베이스 연결성공"}
{"level":"error","message":"[20210602][15:36:15]Error: GET /schedule?stamp=1623250800는 없는 페이지 입니다.\n    at C:\\node_schedule\\app.js:49:17\n    at Layer.handle [as handle_request] (C:\\node_schedule\\node_modules\\express\\lib\\router\\layer.js:95:5)\n    at trim_prefix (C:\\node_schedule\\node_modules\\express\\lib\\router\\index.js:317:13)\n    at C:\\node_schedule\\node_modules\\express\\lib\\router\\index.js:284:7\n    at Function.process_params (C:\\node_schedule\\node_modules\\express\\lib\\router\\index.js:335:12)\n    at next (C:\\node_schedule\\node_modules\\express\\lib\\router\\index.js:275:10)\n    at C:\\node_schedule\\node_modules\\express\\lib\\router\\index.js:635:15\n    at next (C:\\node_schedule\\node_modules\\express\\lib\\router\\index.js:260:14)\n    at Function.handle (C:\\node_schedule\\node_modules\\express\\lib\\router\\index.js:174:3)\n    at router (C:\\node_schedule\\node_modules\\express\\lib\\router\\index.js:47:12)"}
{"level":"error","message":"[20210602][15:36:15]404 GET /schedule?stamp=1623250800는 없는 페이지 입니다."}
{"level":"info","message":"[20210602][15:37:33]데이터 베이스 연결성공"}
{"level":"info","message":"[20210602][15:38:18]데이터 베이스 연결성공"}
{"level":"info","message":"[20210602][15:40:33]데이터 베이스 연결성공"}
{"level":"info","message":"[20210602][15:40:52]데이터 베이스 연결성공"}
{"level":"info","message":"[20210602][15:41:05]데이터 베이스 연결성공"}
{"level":"info","message":"[20210602][15:49:26]데이터 베이스 연결성공"}
{"level":"info","message":"[20210602][15:50:19]데이터 베이스 연결성공"}
{"level":"info","message":"[20210602][15:51:27]데이터 베이스 연결성공"}
{"level":"info","message":"[20210602][15:52:27]데이터 베이스 연결성공"}
{"level":"info","message":"[20210602][15:52:30]데이터 베이스 연결성공"}
{"level":"info","message":"[20210602][15:53:47]데이터 베이스 연결성공"}
{"level":"info","message":"[20210602][15:56:39]데이터 베이스 연결성공"}
{"level":"info","message":"[20210602][15:57:21]데이터 베이스 연결성공"}
{"level":"info","message":"[20210602][16:04:55]데이터 베이스 연결성공"}
{"level":"info","message":"[20210602][16:07:02]데이터 베이스 연결성공"}
{"level":"info","message":"[20210602][16:11:59]데이터 베이스 연결성공"}
{"level":"info","message":"[20210602][16:12:27]데이터 베이스 연결성공"}
{"level":"info","message":"[20210602][16:12:57]데이터 베이스 연결성공"}
{"level":"info","message":"[20210602][16:13:16]데이터 베이스 연결성공"}
{"level":"info","message":"[20210602][16:13:33]데이터 베이스 연결성공"}
{"level":"info","message":"[20210602][16:13:48]데이터 베이스 연결성공"}
{"level":"info","message":"[20210602][16:14:15]데이터 베이스 연결성공"}
{"level":"info","message":"[20210602][16:36:23]데이터 베이스 연결성공"}
{"level":"info","message":"[20210602][16:38:02]데이터 베이스 연결성공"}
{"level":"info","message":"[20210602][16:38:26]데이터 베이스 연결성공"}
{"level":"info","message":"[20210602][16:39:02]데이터 베이스 연결성공"}
{"level":"info","message":"[20210602][16:39:12]데이터 베이스 연결성공"}
{"level":"info","message":"[20210602][16:39:54]데이터 베이스 연결성공"}
{"level":"info","message":"[20210602][16:42:05]데이터 베이스 연결성공"}
{"level":"info","message":"[20210602][16:42:59]데이터 베이스 연결성공"}
{"level":"info","message":"[20210602][16:43:05]데이터 베이스 연결성공"}
{"level":"info","message":"[20210602][16:44:27]데이터 베이스 연결성공"}
{"level":"info","message":"[20210602][16:45:21]데이터 베이스 연결성공"}
{"level":"info","message":"[20210602][16:47:58]데이터 베이스 연결성공"}
{"level":"info","message":"[20210602][16:49:03]데이터 베이스 연결성공"}
{"level":"info","message":"[20210602][16:49:52]데이터 베이스 연결성공"}
{"level":"info","message":"[20210602][16:50:21]데이터 베이스 연결성공"}
{"level":"info","message":"[20210602][16:50:54]데이터 베이스 연결성공"}
{"level":"info","message":"[20210602][16:51:11]데이터 베이스 연결성공"}
{"level":"info","message":"[20210602][16:51:43]데이터 베이스 연결성공"}
{"level":"info","message":"[20210602][16:52:15]데이터 베이스 연결성공"}
{"level":"info","message":"[20210602][16:52:46]데이터 베이스 연결성공"}
{"level":"info","message":"[20210602][16:53:40]데이터 베이스 연결성공"}
{"level":"info","message":"[20210602][16:55:09]데이터 베이스 연결성공"}
{"level":"info","message":"[20210602][17:03:55]데이터 베이스 연결성공"}
{"level":"info","message":"[20210602][17:04:34]데이터 베이스 연결성공"}
{"level":"info","message":"[20210602][17:06:33]데이터 베이스 연결성공"}
{"level":"info","message":"[20210602][17:06:45]데이터 베이스 연결성공"}
{"level":"info","message":"[20210602][17:10:56]데이터 베이스 연결성공"}
{"level":"info","message":"[20210602][17:10:57]데이터 베이스 연결성공"}
{"level":"info","message":"[20210602][17:11:37]데이터 베이스 연결성공"}
{"level":"info","message":"[20210602][17:11:54]데이터 베이스 연결성공"}
{"level":"info","message":"[20210602][17:12:42]데이터 베이스 연결성공"}
{"level":"info","message":"[20210602][17:22:07]데이터 베이스 연결성공"}
{"level":"info","message":"[20210602][17:24:40]데이터 베이스 연결성공"}
{"level":"info","message":"[20210602][17:25:35]데이터 베이스 연결성공"}
{"level":"info","message":"[20210602][17:27:41]데이터 베이스 연결성공"}
{"level":"info","message":"[20210602][17:37:13]데이터 베이스 연결성공"}
{"level":"info","message":"[20210602][17:37:41]데이터 베이스 연결성공"}
{"level":"info","message":"[20210602][17:39:49]데이터 베이스 연결성공"}
{"level":"info","message":"[20210602][17:41:03]데이터 베이스 연결성공"}
{"level":"info","message":"[20210602][17:41:17]데이터 베이스 연결성공"}
{"level":"info","message":"[20210602][17:42:18]데이터 베이스 연결성공"}
{"level":"info","message":"[20210602][17:43:00]데이터 베이스 연결성공"}
{"level":"info","message":"[20210602][17:44:16]데이터 베이스 연결성공"}
{"level":"info","message":"[20210602][17:44:18]데이터 베이스 연결성공"}
{"level":"info","message":"[20210602][17:44:25]데이터 베이스 연결성공"}
{"level":"info","message":"[20210602][17:47:48]데이터 베이스 연결성공"}
{"level":"info","message":"[20210602][17:47:53]데이터 베이스 연결성공"}
{"level":"info","message":"[20210602][17:47:57]데이터 베이스 연결성공"}
{"level":"info","message":"[20210602][17:48:29]데이터 베이스 연결성공"}
{"level":"info","message":"[20210602][17:48:39]데이터 베이스 연결성공"}
{"level":"info","message":"[20210602][17:53:12]데이터 베이스 연결성공"}
{"level":"info","message":"[20210602][17:58:57]데이터 베이스 연결성공"}
{"level":"info","message":"[20210602][18:00:15]데이터 베이스 연결성공"}
{"level":"info","message":"[20210602][18:00:56]데이터 베이스 연결성공"}
{"level":"info","message":"[20210602][18:01:06]데이터 베이스 연결성공"}
{"level":"info","message":"[20210602][18:03:11]데이터 베이스 연결성공"}
{"level":"info","message":"[20210602][18:03:26]데이터 베이스 연결성공"}
{"level":"info","message":"[20210602][18:03:34]데이터 베이스 연결성공"}
{"level":"info","message":"[20210602][18:03:46]데이터 베이스 연결성공"}
{"level":"info","message":"[20210602][18:08:04]데이터 베이스 연결성공"}
{"level":"info","message":"[20210602][18:08:23]데이터 베이스 연결성공"}
{"level":"info","message":"[20210602][18:08:41]데이터 베이스 연결성공"}
{"level":"info","message":"[20210602][18:09:10]데이터 베이스 연결성공"}
{"level":"info","message":"[20210602][18:09:36]데이터 베이스 연결성공"}
